[INFO] Scanning for projects...
[INFO] 
[INFO] --------------------< com.aethelcbs:ledger-service >--------------------
[INFO] Building ledger-service 0.0.1-SNAPSHOT
[INFO]   from pom.xml
[INFO] --------------------------------[ jar ]---------------------------------
[INFO] 
[INFO] >>> spring-boot:4.0.1:run (default-cli) > test-compile @ ledger-service >>>
[INFO] 
[INFO] --- resources:3.3.1:resources (default-resources) @ ledger-service ---
[INFO] Copying 1 resource from src/main/resources to target/classes
[INFO] Copying 0 resource from src/main/resources to target/classes
[INFO] 
[INFO] --- compiler:3.14.1:compile (default-compile) @ ledger-service ---
[INFO] Nothing to compile - all classes are up to date.
[INFO] 
[INFO] --- resources:3.3.1:testResources (default-testResources) @ ledger-service ---
[INFO] skip non existing resourceDirectory /Users/elmermatthewjapara/Documents/experiments/java_spring_boot_core_banking_system/ledger-service/src/test/resources
[INFO] 
[INFO] --- compiler:3.14.1:testCompile (default-testCompile) @ ledger-service ---
[INFO] Nothing to compile - all classes are up to date.
[INFO] 
[INFO] <<< spring-boot:4.0.1:run (default-cli) < test-compile @ ledger-service <<<
[INFO] 
[INFO] 
[INFO] --- spring-boot:4.0.1:run (default-cli) @ ledger-service ---
[INFO] Attaching agents: []

  .   ____          _            __ _ _
 /\\ / ___'_ __ _ _(_)_ __  __ _ \ \ \ \
( ( )\___ | '_ | '_| | '_ \/ _` | \ \ \ \
 \\/  ___)| |_)| | | | | || (_| |  ) ) ) )
  '  |____| .__|_| |_|_| |_\__, | / / / /
 =========|_|==============|___/=/_/_/_/

 :: Spring Boot ::                (v4.0.1)

2025-12-22T18:11:52.031+07:00  INFO 50365 --- [ledger-service] [           main] c.a.l.LedgerServiceApplication           : Starting LedgerServiceApplication using Java 17.0.15 with PID 50365 (/Users/elmermatthewjapara/Documents/experiments/java_spring_boot_core_banking_system/ledger-service/target/classes started by elmermatthewjapara in /Users/elmermatthewjapara/Documents/experiments/java_spring_boot_core_banking_system/ledger-service)
2025-12-22T18:11:52.033+07:00  INFO 50365 --- [ledger-service] [           main] c.a.l.LedgerServiceApplication           : No active profile set, falling back to 1 default profile: "default"
2025-12-22T18:11:52.302+07:00  INFO 50365 --- [ledger-service] [           main] .s.d.r.c.RepositoryConfigurationDelegate : Bootstrapping Spring Data JPA repositories in DEFAULT mode.
2025-12-22T18:11:52.309+07:00  INFO 50365 --- [ledger-service] [           main] .s.d.r.c.RepositoryConfigurationDelegate : Finished Spring Data repository scanning in 3 ms. Found 0 JPA repository interfaces.
2025-12-22T18:11:52.505+07:00  INFO 50365 --- [ledger-service] [           main] o.s.boot.tomcat.TomcatWebServer          : Tomcat initialized with port 8082 (http)
2025-12-22T18:11:52.510+07:00  INFO 50365 --- [ledger-service] [           main] o.apache.catalina.core.StandardService   : Starting service [Tomcat]
2025-12-22T18:11:52.510+07:00  INFO 50365 --- [ledger-service] [           main] o.apache.catalina.core.StandardEngine    : Starting Servlet engine: [Apache Tomcat/11.0.15]
2025-12-22T18:11:52.528+07:00  INFO 50365 --- [ledger-service] [           main] b.w.c.s.WebApplicationContextInitializer : Root WebApplicationContext: initialization completed in 475 ms
2025-12-22T18:11:52.714+07:00  INFO 50365 --- [ledger-service] [           main] com.zaxxer.hikari.HikariDataSource       : HikariPool-1 - Starting...
2025-12-22T18:11:52.757+07:00  INFO 50365 --- [ledger-service] [           main] com.zaxxer.hikari.pool.HikariPool        : HikariPool-1 - Added connection org.postgresql.jdbc.PgConnection@5280688
2025-12-22T18:11:52.757+07:00  INFO 50365 --- [ledger-service] [           main] com.zaxxer.hikari.HikariDataSource       : HikariPool-1 - Start completed.
2025-12-22T18:11:52.768+07:00  INFO 50365 --- [ledger-service] [           main] org.flywaydb.core.FlywayExecutor         : Database: jdbc:postgresql://localhost:5432/jsb_cbs_ledger (PostgreSQL 14.16)
2025-12-22T18:11:52.784+07:00  INFO 50365 --- [ledger-service] [           main] o.f.core.internal.command.DbValidate     : Successfully validated 0 migrations (execution time 00:00.007s)
2025-12-22T18:11:52.784+07:00  WARN 50365 --- [ledger-service] [           main] o.f.core.internal.command.DbValidate     : No migrations found. Are your locations set up correctly?
2025-12-22T18:11:52.800+07:00  INFO 50365 --- [ledger-service] [           main] o.f.core.internal.command.DbMigrate      : Current version of schema "public": << Empty Schema >>
2025-12-22T18:11:52.801+07:00  INFO 50365 --- [ledger-service] [           main] o.f.core.internal.command.DbMigrate      : Schema "public" is up to date. No migration necessary.
2025-12-22T18:11:52.826+07:00  INFO 50365 --- [ledger-service] [           main] org.hibernate.orm.jpa                    : HHH008540: Processing PersistenceUnitInfo [name: default]
2025-12-22T18:11:52.848+07:00  INFO 50365 --- [ledger-service] [           main] org.hibernate.orm.core                   : HHH000001: Hibernate ORM core version 7.2.0.Final
2025-12-22T18:11:53.006+07:00  INFO 50365 --- [ledger-service] [           main] o.s.o.j.p.SpringPersistenceUnitInfo      : No LoadTimeWeaver setup: ignoring JPA class transformer
2025-12-22T18:11:53.050+07:00  INFO 50365 --- [ledger-service] [           main] org.hibernate.orm.connections.pooling    : HHH10001005: Database info:
	Database JDBC URL [jdbc:postgresql://localhost:5432/jsb_cbs_ledger]
	Database driver: PostgreSQL JDBC Driver
	Database dialect: PostgreSQLDialect
	Database version: 14.16
	Default catalog/schema: jsb_cbs_ledger/public
	Autocommit mode: undefined/unknown
	Isolation level: READ_COMMITTED [default READ_COMMITTED]
	JDBC fetch size: none
	Pool: DataSourceConnectionProvider
	Minimum pool size: undefined/unknown
	Maximum pool size: undefined/unknown
2025-12-22T18:11:53.208+07:00  INFO 50365 --- [ledger-service] [           main] org.hibernate.orm.core                   : HHH000489: No JTA platform available (set 'hibernate.transaction.jta.platform' to enable JTA platform integration)
2025-12-22T18:11:53.211+07:00  INFO 50365 --- [ledger-service] [           main] j.LocalContainerEntityManagerFactoryBean : Initialized JPA EntityManagerFactory for persistence unit 'default'
2025-12-22T18:11:53.438+07:00  INFO 50365 --- [ledger-service] [           main] o.s.b.a.e.web.EndpointLinksResolver      : Exposing 3 endpoints beneath base path '/actuator'
2025-12-22T18:11:53.469+07:00  INFO 50365 --- [ledger-service] [           main] o.s.boot.tomcat.TomcatWebServer          : Tomcat started on port 8082 (http) with context path '/'
2025-12-22T18:11:53.474+07:00  INFO 50365 --- [ledger-service] [           main] c.a.l.LedgerServiceApplication           : Started LedgerServiceApplication in 1.599 seconds (process running for 1.731)
2025-12-22T18:12:40.679+07:00  INFO 50365 --- [ledger-service] [nio-8082-exec-1] o.a.c.c.C.[Tomcat].[localhost].[/]       : Initializing Spring DispatcherServlet 'dispatcherServlet'
2025-12-22T18:12:40.679+07:00  INFO 50365 --- [ledger-service] [nio-8082-exec-1] o.s.web.servlet.DispatcherServlet        : Initializing Servlet 'dispatcherServlet'
2025-12-22T18:12:40.688+07:00  INFO 50365 --- [ledger-service] [nio-8082-exec-1] o.s.web.servlet.DispatcherServlet        : Completed initialization in 8 ms
[INFO] ------------------------------------------------------------------------
[INFO] BUILD FAILURE
[INFO] ------------------------------------------------------------------------
[INFO] Total time:  01:04 min
[INFO] Finished at: 2025-12-22T18:12:56+07:00
[INFO] ------------------------------------------------------------------------
[ERROR] Failed to execute goal org.springframework.boot:spring-boot-maven-plugin:4.0.1:run (default-cli) on project ledger-service: Process terminated with exit code: 137 -> [Help 1]
[ERROR] 
[ERROR] To see the full stack trace of the errors, re-run Maven with the -e switch.
[ERROR] Re-run Maven using the -X switch to enable full debug logging.
[ERROR] 
[ERROR] For more information about the errors and possible solutions, please read the following articles:
[ERROR] [Help 1] http://cwiki.apache.org/confluence/display/MAVEN/MojoExecutionException
